🩺 The doctor is checking the health of your Storybook..
╭ Incompatible packages found ─────────────────────────────────────────────────────────────────────────────────╮
│                                                                                                              │
│   The following packages are incompatible with Storybook 8.1.1 as they depend on different major versions    │
│   of Storybook packages:                                                                                     │
│   - @storybook/addon-essentials@7.6.6 (8.1.1 available!)                                                     │
│   Repo: https://github.com/storybookjs/storybook/tree/next/code/addons/essentials                            │
│   - @storybook/addon-interactions@7.6.6 (8.1.1 available!)                                                   │
│   Repo: https://github.com/storybookjs/storybook/tree/next/code/addons/interactions                          │
│   - @storybook/blocks@7.6.6 (8.1.1 available!)                                                               │
│   Repo: https://github.com/storybookjs/storybook/tree/next/code/ui/blocks                                    │
│   - @storybook/react-vite@7.6.6 (8.1.1 available!)                                                           │
│   Repo: https://github.com/storybookjs/storybook/tree/next/code/frameworks/react-vite                        │
│   - @storybook/test@7.6.6 (8.1.1 available!)                                                                 │
│   Repo: https://github.com/storybookjs/storybook/tree/next/code/lib/test                                     │
│                                                                                                              │
│                                                                                                              │
│   Please consider updating your packages or contacting the maintainers for compatibility details.            │
│   For more on Storybook 8 compatibility, see the linked GitHub issue:                                        │
│   https://github.com/storybookjs/storybook/issues/26031                                                      │
│                                                                                                              │
╰──────────────────────────────────────────────────────────────────────────────────────────────────────────────╯

You can always recheck the health of your project by running:
npx storybook doctor

Full logs are available in /Users/jangseonghun/Documents/storybook-practice/taskbox/doctor-storybook.log

